# JRE version: Java(TM) SE Runtime Environment (8.0_131-b11) (build 1.8.0_131-b11)
# Java VM: Java HotSpot(TM) 64-Bit Server VM (25.131-b11 mixed mode windows-amd64 compressed oops)
Heap:
 PSYoungGen      total 934912K, used 718500K [0x0000000780000000, 0x00000007be580000, 0x00000007c0000000)
  eden space 918016K, 76% used [0x0000000780000000,0x00000007aad8f0c8,0x00000007b8080000)
  from space 16896K, 97% used [0x00000007ba500000,0x00000007bb51a020,0x00000007bb580000)
  to   space 49152K, 0% used [0x00000007bb580000,0x00000007bb580000,0x00000007be580000)
 ParOldGen       total 699392K, used 221711K [0x0000000700000000, 0x000000072ab00000, 0x0000000780000000)
  object space 699392K, 31% used [0x0000000700000000,0x000000070d883e30,0x000000072ab00000)
 Metaspace       used 11576K, capacity 11810K, committed 12032K, reserved 1060864K
  class space    used 1319K, capacity 1420K, committed 1536K, reserved 1048576K
GC Heap History (10 events):
Event: 2.571 GC heap before
{Heap before GC invocations=3 (full 0):
 PSYoungGen      total 567808K, used 567197K [0x0000000780000000, 0x00000007a5500000, 0x00000007c0000000)
  eden space 524288K, 99% used [0x0000000780000000,0x000000079ff6a580,0x00000007a0000000)
  from space 43520K, 99% used [0x00000007a2a80000,0x00000007a54fd050,0x00000007a5500000)
  to   space 43520K, 0% used [0x00000007a0000000,0x00000007a0000000,0x00000007a2a80000)
 ParOldGen       total 699392K, used 56724K [0x0000000700000000, 0x000000072ab00000, 0x0000000780000000)
  object space 699392K, 8% used [0x0000000700000000,0x0000000703765070,0x000000072ab00000)
 Metaspace       used 11485K, capacity 11746K, committed 12032K, reserved 1060864K
  class space    used 1319K, capacity 1420K, committed 1536K, reserved 1048576K
Event: 2.584 GC heap after
Heap after GC invocations=3 (full 0):
 PSYoungGen      total 567808K, used 43508K [0x0000000780000000, 0x00000007c0000000, 0x00000007c0000000)
  eden space 524288K, 0% used [0x0000000780000000,0x0000000780000000,0x00000007a0000000)
  from space 43520K, 99% used [0x00000007a0000000,0x00000007a2a7d070,0x00000007a2a80000)
  to   space 43520K, 0% used [0x00000007bd580000,0x00000007bd580000,0x00000007c0000000)
 ParOldGen       total 699392K, used 81032K [0x0000000700000000, 0x000000072ab00000, 0x0000000780000000)
  object space 699392K, 11% used [0x0000000700000000,0x0000000704f220a0,0x000000072ab00000)
 Metaspace       used 11485K, capacity 11746K, committed 12032K, reserved 1060864K
  class space    used 1319K, capacity 1420K, committed 1536K, reserved 1048576K
}
Event: 3.625 GC heap before
{Heap before GC invocations=4 (full 0):
 PSYoungGen      total 567808K, used 561398K [0x0000000780000000, 0x00000007c0000000, 0x00000007c0000000)
  eden space 524288K, 98% used [0x0000000780000000,0x000000079f9c08b0,0x00000007a0000000)
  from space 43520K, 99% used [0x00000007a0000000,0x00000007a2a7d070,0x00000007a2a80000)
  to   space 43520K, 0% used [0x00000007bd580000,0x00000007bd580000,0x00000007c0000000)
 ParOldGen       total 699392K, used 81032K [0x0000000700000000, 0x000000072ab00000, 0x0000000780000000)
  object space 699392K, 11% used [0x0000000700000000,0x0000000704f220a0,0x000000072ab00000)
 Metaspace       used 11495K, capacity 11746K, committed 12032K, reserved 1060864K
  class space    used 1319K, capacity 1420K, committed 1536K, reserved 1048576K
Event: 3.636 GC heap after
Heap after GC invocations=4 (full 0):
 PSYoungGen      total 1005056K, used 43508K [0x0000000780000000, 0x00000007c0000000, 0x00000007c0000000)
  eden space 961536K, 0% used [0x0000000780000000,0x0000000780000000,0x00000007bab00000)
  from space 43520K, 99% used [0x00000007bd580000,0x00000007bfffd070,0x00000007c0000000)
  to   space 43520K, 0% used [0x00000007bab00000,0x00000007bab00000,0x00000007bd580000)
 ParOldGen       total 699392K, used 105340K [0x0000000700000000, 0x000000072ab00000, 0x0000000780000000)
  object space 699392K, 15% used [0x0000000700000000,0x00000007066df0d0,0x000000072ab00000)
 Metaspace       used 11495K, capacity 11746K, committed 12032K, reserved 1060864K
  class space    used 1319K, capacity 1420K, committed 1536K, reserved 1048576K
}
Event: 5.682 GC heap before
{Heap before GC invocations=5 (full 0):
 PSYoungGen      total 1005056K, used 1001346K [0x0000000780000000, 0x00000007c0000000, 0x00000007c0000000)
  eden space 961536K, 99% used [0x0000000780000000,0x00000007ba7638f8,0x00000007bab00000)
  from space 43520K, 99% used [0x00000007bd580000,0x00000007bfffd070,0x00000007c0000000)
  to   space 43520K, 0% used [0x00000007bab00000,0x00000007bab00000,0x00000007bd580000)
 ParOldGen       total 699392K, used 105340K [0x0000000700000000, 0x000000072ab00000, 0x0000000780000000)
  object space 699392K, 15% used [0x0000000700000000,0x00000007066df0d0,0x000000072ab00000)
 Metaspace       used 11543K, capacity 11810K, committed 12032K, reserved 1060864K
  class space    used 1319K, capacity 1420K, committed 1536K, reserved 1048576K
Event: 5.696 GC heap after
Heap after GC invocations=5 (full 0):
 PSYoungGen      total 997376K, used 35488K [0x0000000780000000, 0x00000007c0000000, 0x00000007c0000000)
  eden space 961536K, 0% used [0x0000000780000000,0x0000000780000000,0x00000007bab00000)
  from space 35840K, 99% used [0x00000007bab00000,0x00000007bcda8070,0x00000007bce00000)
  to   space 46080K, 0% used [0x00000007bd300000,0x00000007bd300000,0x00000007c0000000)
 ParOldGen       total 699392K, used 153948K [0x0000000700000000, 0x000000072ab00000, 0x0000000780000000)
  object space 699392K, 22% used [0x0000000700000000,0x0000000709657130,0x000000072ab00000)
 Metaspace       used 11543K, capacity 11810K, committed 12032K, reserved 1060864K
  class space    used 1319K, capacity 1420K, committed 1536K, reserved 1048576K
}
Event: 7.707 GC heap before
{Heap before GC invocations=6 (full 0):
 PSYoungGen      total 997376K, used 990002K [0x0000000780000000, 0x00000007c0000000, 0x00000007c0000000)
  eden space 961536K, 99% used [0x0000000780000000,0x00000007ba4247a0,0x00000007bab00000)
  from space 35840K, 99% used [0x00000007bab00000,0x00000007bcda8070,0x00000007bce00000)
  to   space 46080K, 0% used [0x00000007bd300000,0x00000007bd300000,0x00000007c0000000)
 ParOldGen       total 699392K, used 153948K [0x0000000700000000, 0x000000072ab00000, 0x0000000780000000)
  object space 699392K, 22% used [0x0000000700000000,0x0000000709657130,0x000000072ab00000)
 Metaspace       used 11559K, capacity 11810K, committed 12032K, reserved 1060864K
  class space    used 1319K, capacity 1420K, committed 1536K, reserved 1048576K
Event: 7.716 GC heap after
Heap after GC invocations=6 (full 0):
 PSYoungGen      total 1001472K, used 43684K [0x0000000780000000, 0x00000007c0000000, 0x00000007c0000000)
  eden space 955392K, 0% used [0x0000000780000000,0x0000000780000000,0x00000007ba500000)
  from space 46080K, 94% used [0x00000007bd300000,0x00000007bfda9060,0x00000007c0000000)
  to   space 46592K, 0% used [0x00000007ba500000,0x00000007ba500000,0x00000007bd280000)
 ParOldGen       total 699392K, used 170156K [0x0000000700000000, 0x000000072ab00000, 0x0000000780000000)
  object space 699392K, 24% used [0x0000000700000000,0x000000070a62b150,0x000000072ab00000)
 Metaspace       used 11559K, capacity 11810K, committed 12032K, reserved 1060864K
  class space    used 1319K, capacity 1420K, committed 1536K, reserved 1048576K
}
Event: 9.676 GC heap before
{Heap before GC invocations=7 (full 0):
 PSYoungGen      total 1001472K, used 995581K [0x0000000780000000, 0x00000007c0000000, 0x00000007c0000000)
  eden space 955392K, 99% used [0x0000000780000000,0x00000007ba1964f0,0x00000007ba500000)
  from space 46080K, 94% used [0x00000007bd300000,0x00000007bfda9060,0x00000007c0000000)
  to   space 46592K, 0% used [0x00000007ba500000,0x00000007ba500000,0x00000007bd280000)
 ParOldGen       total 699392K, used 170156K [0x0000000700000000, 0x000000072ab00000, 0x0000000780000000)
  object space 699392K, 24% used [0x0000000700000000,0x000000070a62b150,0x000000072ab00000)
 Metaspace       used 11571K, capacity 11810K, committed 12032K, reserved 1060864K
  class space    used 1319K, capacity 1420K, committed 1536K, reserved 1048576K
Event: 9.689 GC heap after
Heap after GC invocations=7 (full 0):
 PSYoungGen      total 934912K, used 16488K [0x0000000780000000, 0x00000007be580000, 0x00000007c0000000)
  eden space 918016K, 0% used [0x0000000780000000,0x0000000780000000,0x00000007b8080000)
  from space 16896K, 97% used [0x00000007ba500000,0x00000007bb51a020,0x00000007bb580000)
  to   space 49152K, 0% used [0x00000007bb580000,0x00000007bb580000,0x00000007be580000)
 ParOldGen       total 699392K, used 221711K [0x0000000700000000, 0x000000072ab00000, 0x0000000780000000)
  object space 699392K, 31% used [0x0000000700000000,0x000000070d883e30,0x000000072ab00000)
 Metaspace       used 11571K, capacity 11810K, committed 12032K, reserved 1060864K
  class space    used 1319K, capacity 1420K, committed 1536K, reserved 1048576K
}

